[2014-05-28T20:46:36]	system	X	manage.py syncdb --noinput
[2014-05-28T20:48:05]	system	X	manage.py syncdb --noinput
[2014-05-28T20:49:51]	system	X	manage.py syncdb --noinput
[2014-05-28T20:54:45]	system	X	manage.py syncdb --noinput
[2014-05-28T20:55:34]	system	X	manage.py syncdb --noinput
[2014-05-28T21:04:22]	system	X	manage.py syncdb --noinput
[2014-05-28T21:06:55]	system	X	manage.py syncdb --noinput
[2014-05-28T21:07:10]	system	X	manage.py syncdb --noinput
[2014-05-28T21:08:22]	system	X	manage.py syncdb --noinput
[2014-05-28T21:10:40]	system	X	manage.py migrate
[2014-05-28T21:11:17]	system	X	manage.py initdb
[2014-05-28T21:11:38]	system	X	manage.py runserver
[2014-05-28T21:11:39]	system	X	manage.py runserver
[2014-05-29T13:19:46]	system	X	manage.py runserver
[2014-05-29T13:19:48]	system	X	manage.py runserver
[2014-05-29T13:33:34]	system	X	manage.py runserver
[2014-05-29T13:33:34]	system	X	manage.py runserver
[2014-05-29T13:36:17]	system	X	manage.py assets build
[2014-05-29T13:36:27]	system	X	manage.py runserver
[2014-05-29T13:36:28]	system	X	manage.py runserver
[2014-05-29T20:06:48]	system	X	manage.py runserver
[2014-05-29T20:06:50]	system	X	manage.py runserver
